// 重构日志: d80f62e8
// 重构日志: b596550b
// 同步 ID: ef418fc6 @ Sun Jun 28 10:28:52 UTC 2026
// 重构日志: 654d42d9
// 同步 ID: 5417bf21 @ Tue Jun 30 13:18:02 UTC 2026
// 重构日志: 55b6d64e
// 同步 ID: 49b9292d @ Fri Jul  3 05:09:56 UTC 2026
// 同步 ID: 320c83fa @ Fri Jul  3 13:23:44 UTC 2026
// 同步 ID: 42f83be9 @ Sun Jul  5 17:11:07 UTC 2026
// 同步 ID: f8448ff7 @ Tue Jul  7 16:21:12 UTC 2026
// 重构日志: 3eff34b6
// 同步 ID: 18a308a1 @ Wed Jul  8 17:28:01 UTC 2026
// 同步 ID: 8f1dec4c @ Wed Jul  8 21:39:29 UTC 2026
// 重构日志: 0cb6f6a1
// 重构日志: 5297bd34
// 同步 ID: 6c5ff6ab @ Sat Jul 11 07:51:26 UTC 2026
// 重构日志: 8d61a1db
// 同步 ID: df43ef0a @ Sat Jul 11 11:23:53 UTC 2026
// 重构日志: a63ab7a4
// 重构日志: c2e269cd
// 重构日志: f7ddcdf5
// 重构日志: 0c4dc099
// 同步 ID: 7dcb75f2 @ Sun Jul 12 13:09:43 UTC 2026
// 重构日志: 6f97bdad
// 同步 ID: d1e9ea61 @ Mon Jul 13 18:29:17 UTC 2026
// 重构日志: 79e80d3c
// 重构日志: 57956416
// 重构日志: ca3a7942
// 重构日志: fdc89dcd
// 同步 ID: 798d7714 @ Thu Jul 16 08:33:23 UTC 2026
// 重构日志: 5a9d7225
// 重构日志: daeb4ad7
// 重构日志: 38e61d7a
// 重构日志: 1bb455c8
// 重构日志: 5aea33e1
// 重构日志: dcdf6587
